{"/Users/danielcampos/Documents/GitHub/CS3250-spring26/CS3250 REPOS/Digital Signage/CS3250-digital-signage/app.module.js": {"path":"/Users/danielcampos/Documents/GitHub/CS3250-spring26/CS3250 REPOS/Digital Signage/CS3250-digital-signage/app.module.js","statementMap":{"0":{"start":{"line":4,"column":4},"end":{"line":9,"column":33}},"1":{"start":{"line":13,"column":4},"end":{"line":13,"column":53}},"2":{"start":{"line":13,"column":35},"end":{"line":13,"column":53}},"3":{"start":{"line":14,"column":4},"end":{"line":14,"column":61}},"4":{"start":{"line":14,"column":35},"end":{"line":14,"column":61}},"5":{"start":{"line":15,"column":4},"end":{"line":15,"column":61}},"6":{"start":{"line":15,"column":35},"end":{"line":15,"column":61}},"7":{"start":{"line":16,"column":4},"end":{"line":16,"column":56}},"8":{"start":{"line":16,"column":35},"end":{"line":16,"column":56}},"9":{"start":{"line":17,"column":4},"end":{"line":17,"column":53}},"10":{"start":{"line":17,"column":34},"end":{"line":17,"column":53}},"11":{"start":{"line":18,"column":4},"end":{"line":18,"column":55}},"12":{"start":{"line":18,"column":34},"end":{"line":18,"column":55}},"13":{"start":{"line":19,"column":4},"end":{"line":19,"column":53}},"14":{"start":{"line":19,"column":34},"end":{"line":19,"column":53}},"15":{"start":{"line":20,"column":4},"end":{"line":20,"column":52}},"16":{"start":{"line":20,"column":34},"end":{"line":20,"column":52}},"17":{"start":{"line":21,"column":4},"end":{"line":21,"column":55}},"18":{"start":{"line":21,"column":34},"end":{"line":21,"column":55}},"19":{"start":{"line":22,"column":4},"end":{"line":22,"column":60}},"20":{"start":{"line":22,"column":34},"end":{"line":22,"column":60}},"21":{"start":{"line":23,"column":4},"end":{"line":23,"column":59}},"22":{"start":{"line":23,"column":34},"end":{"line":23,"column":59}},"23":{"start":{"line":24,"column":4},"end":{"line":24,"column":25}},"24":{"start":{"line":28,"column":4},"end":{"line":31,"column":6}},"25":{"start":{"line":29,"column":24},"end":{"line":29,"column":89}},"26":{"start":{"line":35,"column":14},"end":{"line":35,"column":43}},"27":{"start":{"line":36,"column":4},"end":{"line":36,"column":23}},"28":{"start":{"line":37,"column":4},"end":{"line":37,"column":46}},"29":{"start":{"line":41,"column":22},"end":{"line":41,"column":42}},"30":{"start":{"line":42,"column":21},"end":{"line":42,"column":41}},"31":{"start":{"line":43,"column":21},"end":{"line":43,"column":67}},"32":{"start":{"line":43,"column":47},"end":{"line":43,"column":66}},"33":{"start":{"line":44,"column":24},"end":{"line":44,"column":70}},"34":{"start":{"line":44,"column":50},"end":{"line":44,"column":69}},"35":{"start":{"line":46,"column":25},"end":{"line":48,"column":61}},"36":{"start":{"line":47,"column":21},"end":{"line":47,"column":39}},"37":{"start":{"line":48,"column":25},"end":{"line":48,"column":60}},"38":{"start":{"line":49,"column":30},"end":{"line":49,"column":82}},"39":{"start":{"line":51,"column":4},"end":{"line":51,"column":67}},"40":{"start":{"line":55,"column":4},"end":{"line":57,"column":5}},"41":{"start":{"line":56,"column":6},"end":{"line":56,"column":106}},"42":{"start":{"line":59,"column":18},"end":{"line":59,"column":51}},"43":{"start":{"line":60,"column":15},"end":{"line":60,"column":43}},"44":{"start":{"line":62,"column":4},"end":{"line":83,"column":7}},"45":{"start":{"line":63,"column":22},"end":{"line":66,"column":32}},"46":{"start":{"line":67,"column":19},"end":{"line":69,"column":12}},"47":{"start":{"line":70,"column":19},"end":{"line":72,"column":12}},"48":{"start":{"line":74,"column":6},"end":{"line":82,"column":8}},"49":{"start":{"line":85,"column":4},"end":{"line":85,"column":21}},"50":{"start":{"line":86,"column":4},"end":{"line":86,"column":16}},"51":{"start":{"line":89,"column":2},"end":{"line":96,"column":4}}},"fnMap":{"0":{"name":"escapeHtml","decl":{"start":{"line":3,"column":9},"end":{"line":3,"column":19}},"loc":{"start":{"line":3,"column":25},"end":{"line":10,"column":3}},"line":3},"1":{"name":"getWeatherSymbol","decl":{"start":{"line":12,"column":11},"end":{"line":12,"column":27}},"loc":{"start":{"line":12,"column":34},"end":{"line":25,"column":3}},"line":12},"2":{"name":"getValuePath","decl":{"start":{"line":27,"column":11},"end":{"line":27,"column":23}},"loc":{"start":{"line":27,"column":35},"end":{"line":32,"column":3}},"line":27},"3":{"name":"(anonymous_3)","decl":{"start":{"line":29,"column":6},"end":{"line":29,"column":7}},"loc":{"start":{"line":29,"column":24},"end":{"line":29,"column":89}},"line":29},"4":{"name":"stripHtml","decl":{"start":{"line":34,"column":11},"end":{"line":34,"column":20}},"loc":{"start":{"line":34,"column":27},"end":{"line":38,"column":3}},"line":34},"5":{"name":"parseConfig","decl":{"start":{"line":40,"column":11},"end":{"line":40,"column":22}},"loc":{"start":{"line":40,"column":36},"end":{"line":52,"column":3}},"line":40},"6":{"name":"(anonymous_6)","decl":{"start":{"line":43,"column":37},"end":{"line":43,"column":38}},"loc":{"start":{"line":43,"column":47},"end":{"line":43,"column":66}},"line":43},"7":{"name":"(anonymous_7)","decl":{"start":{"line":44,"column":40},"end":{"line":44,"column":41}},"loc":{"start":{"line":44,"column":50},"end":{"line":44,"column":69}},"line":44},"8":{"name":"(anonymous_8)","decl":{"start":{"line":47,"column":11},"end":{"line":47,"column":12}},"loc":{"start":{"line":47,"column":21},"end":{"line":47,"column":39}},"line":47},"9":{"name":"(anonymous_9)","decl":{"start":{"line":48,"column":14},"end":{"line":48,"column":15}},"loc":{"start":{"line":48,"column":25},"end":{"line":48,"column":60}},"line":48},"10":{"name":"buildRssHtml","decl":{"start":{"line":54,"column":11},"end":{"line":54,"column":23}},"loc":{"start":{"line":54,"column":44},"end":{"line":87,"column":3}},"line":54},"11":{"name":"(anonymous_11)","decl":{"start":{"line":62,"column":18},"end":{"line":62,"column":19}},"loc":{"start":{"line":62,"column":31},"end":{"line":83,"column":5}},"line":62}},"branchMap":{"0":{"loc":{"start":{"line":13,"column":4},"end":{"line":13,"column":53}},"type":"if","locations":[{"start":{"line":13,"column":4},"end":{"line":13,"column":53}},{"start":{},"end":{}}],"line":13},"1":{"loc":{"start":{"line":14,"column":4},"end":{"line":14,"column":61}},"type":"if","locations":[{"start":{"line":14,"column":4},"end":{"line":14,"column":61}},{"start":{},"end":{}}],"line":14},"2":{"loc":{"start":{"line":15,"column":4},"end":{"line":15,"column":61}},"type":"if","locations":[{"start":{"line":15,"column":4},"end":{"line":15,"column":61}},{"start":{},"end":{}}],"line":15},"3":{"loc":{"start":{"line":16,"column":4},"end":{"line":16,"column":56}},"type":"if","locations":[{"start":{"line":16,"column":4},"end":{"line":16,"column":56}},{"start":{},"end":{}}],"line":16},"4":{"loc":{"start":{"line":17,"column":4},"end":{"line":17,"column":53}},"type":"if","locations":[{"start":{"line":17,"column":4},"end":{"line":17,"column":53}},{"start":{},"end":{}}],"line":17},"5":{"loc":{"start":{"line":17,"column":8},"end":{"line":17,"column":32}},"type":"binary-expr","locations":[{"start":{"line":17,"column":8},"end":{"line":17,"column":18}},{"start":{"line":17,"column":22},"end":{"line":17,"column":32}}],"line":17},"6":{"loc":{"start":{"line":18,"column":4},"end":{"line":18,"column":55}},"type":"if","locations":[{"start":{"line":18,"column":4},"end":{"line":18,"column":55}},{"start":{},"end":{}}],"line":18},"7":{"loc":{"start":{"line":18,"column":8},"end":{"line":18,"column":32}},"type":"binary-expr","locations":[{"start":{"line":18,"column":8},"end":{"line":18,"column":18}},{"start":{"line":18,"column":22},"end":{"line":18,"column":32}}],"line":18},"8":{"loc":{"start":{"line":19,"column":4},"end":{"line":19,"column":53}},"type":"if","locations":[{"start":{"line":19,"column":4},"end":{"line":19,"column":53}},{"start":{},"end":{}}],"line":19},"9":{"loc":{"start":{"line":19,"column":8},"end":{"line":19,"column":32}},"type":"binary-expr","locations":[{"start":{"line":19,"column":8},"end":{"line":19,"column":18}},{"start":{"line":19,"column":22},"end":{"line":19,"column":32}}],"line":19},"10":{"loc":{"start":{"line":20,"column":4},"end":{"line":20,"column":52}},"type":"if","locations":[{"start":{"line":20,"column":4},"end":{"line":20,"column":52}},{"start":{},"end":{}}],"line":20},"11":{"loc":{"start":{"line":20,"column":8},"end":{"line":20,"column":32}},"type":"binary-expr","locations":[{"start":{"line":20,"column":8},"end":{"line":20,"column":18}},{"start":{"line":20,"column":22},"end":{"line":20,"column":32}}],"line":20},"12":{"loc":{"start":{"line":21,"column":4},"end":{"line":21,"column":55}},"type":"if","locations":[{"start":{"line":21,"column":4},"end":{"line":21,"column":55}},{"start":{},"end":{}}],"line":21},"13":{"loc":{"start":{"line":21,"column":8},"end":{"line":21,"column":32}},"type":"binary-expr","locations":[{"start":{"line":21,"column":8},"end":{"line":21,"column":18}},{"start":{"line":21,"column":22},"end":{"line":21,"column":32}}],"line":21},"14":{"loc":{"start":{"line":22,"column":4},"end":{"line":22,"column":60}},"type":"if","locations":[{"start":{"line":22,"column":4},"end":{"line":22,"column":60}},{"start":{},"end":{}}],"line":22},"15":{"loc":{"start":{"line":22,"column":8},"end":{"line":22,"column":32}},"type":"binary-expr","locations":[{"start":{"line":22,"column":8},"end":{"line":22,"column":18}},{"start":{"line":22,"column":22},"end":{"line":22,"column":32}}],"line":22},"16":{"loc":{"start":{"line":23,"column":4},"end":{"line":23,"column":59}},"type":"if","locations":[{"start":{"line":23,"column":4},"end":{"line":23,"column":59}},{"start":{},"end":{}}],"line":23},"17":{"loc":{"start":{"line":23,"column":8},"end":{"line":23,"column":32}},"type":"binary-expr","locations":[{"start":{"line":23,"column":8},"end":{"line":23,"column":18}},{"start":{"line":23,"column":22},"end":{"line":23,"column":32}}],"line":23},"18":{"loc":{"start":{"line":29,"column":24},"end":{"line":29,"column":89}},"type":"cond-expr","locations":[{"start":{"line":29,"column":65},"end":{"line":29,"column":77}},{"start":{"line":29,"column":80},"end":{"line":29,"column":89}}],"line":29},"19":{"loc":{"start":{"line":29,"column":24},"end":{"line":29,"column":62}},"type":"binary-expr","locations":[{"start":{"line":29,"column":24},"end":{"line":29,"column":31}},{"start":{"line":29,"column":35},"end":{"line":29,"column":62}}],"line":29},"20":{"loc":{"start":{"line":37,"column":11},"end":{"line":37,"column":45}},"type":"binary-expr","locations":[{"start":{"line":37,"column":11},"end":{"line":37,"column":24}},{"start":{"line":37,"column":28},"end":{"line":37,"column":39}},{"start":{"line":37,"column":43},"end":{"line":37,"column":45}}],"line":37},"21":{"loc":{"start":{"line":48,"column":25},"end":{"line":48,"column":60}},"type":"binary-expr","locations":[{"start":{"line":48,"column":25},"end":{"line":48,"column":47}},{"start":{"line":48,"column":51},"end":{"line":48,"column":60}}],"line":48},"22":{"loc":{"start":{"line":49,"column":30},"end":{"line":49,"column":82}},"type":"cond-expr","locations":[{"start":{"line":49,"column":52},"end":{"line":49,"column":77}},{"start":{"line":49,"column":80},"end":{"line":49,"column":82}}],"line":49},"23":{"loc":{"start":{"line":55,"column":4},"end":{"line":57,"column":5}},"type":"if","locations":[{"start":{"line":55,"column":4},"end":{"line":57,"column":5}},{"start":{},"end":{}}],"line":55},"24":{"loc":{"start":{"line":55,"column":8},"end":{"line":55,"column":59}},"type":"binary-expr","locations":[{"start":{"line":55,"column":8},"end":{"line":55,"column":32}},{"start":{"line":55,"column":36},"end":{"line":55,"column":59}}],"line":55},"25":{"loc":{"start":{"line":56,"column":52},"end":{"line":56,"column":89}},"type":"binary-expr","locations":[{"start":{"line":56,"column":52},"end":{"line":56,"column":68}},{"start":{"line":56,"column":72},"end":{"line":56,"column":89}}],"line":56},"26":{"loc":{"start":{"line":67,"column":19},"end":{"line":69,"column":12}},"type":"cond-expr","locations":[{"start":{"line":68,"column":10},"end":{"line":68,"column":63}},{"start":{"line":69,"column":10},"end":{"line":69,"column":12}}],"line":67},"27":{"loc":{"start":{"line":70,"column":19},"end":{"line":72,"column":12}},"type":"cond-expr","locations":[{"start":{"line":71,"column":10},"end":{"line":71,"column":96}},{"start":{"line":72,"column":10},"end":{"line":72,"column":12}}],"line":70},"28":{"loc":{"start":{"line":75,"column":52},"end":{"line":75,"column":77}},"type":"cond-expr","locations":[{"start":{"line":75,"column":62},"end":{"line":75,"column":68}},{"start":{"line":75,"column":71},"end":{"line":75,"column":77}}],"line":75}},"s":{"0":20,"1":12,"2":1,"3":11,"4":1,"5":10,"6":1,"7":9,"8":1,"9":8,"10":1,"11":7,"12":1,"13":6,"14":1,"15":5,"16":1,"17":4,"18":1,"19":3,"20":1,"21":2,"22":1,"23":1,"24":5,"25":8,"26":9,"27":9,"28":9,"29":5,"30":5,"31":5,"32":8,"33":5,"34":8,"35":5,"36":6,"37":6,"38":5,"39":5,"40":5,"41":2,"42":3,"43":3,"44":3,"45":5,"46":5,"47":5,"48":5,"49":3,"50":3,"51":1},"f":{"0":20,"1":12,"2":5,"3":8,"4":9,"5":5,"6":8,"7":8,"8":6,"9":6,"10":5,"11":5},"b":{"0":[1,11],"1":[1,10],"2":[1,9],"3":[1,8],"4":[1,7],"5":[8,8],"6":[1,6],"7":[7,7],"8":[1,5],"9":[6,6],"10":[1,4],"11":[5,5],"12":[1,3],"13":[4,4],"14":[1,2],"15":[3,3],"16":[1,1],"17":[2,2],"18":[7,1],"19":[8,7],"20":[9,1,1],"21":[6,2],"22":[1,4],"23":[2,3],"24":[5,4],"25":[2,1],"26":[4,1],"27":[2,3],"28":[3,2]},"_coverageSchema":"1a1c01bbd47fc00a2c39e90264f33305004495a9","hash":"8885b31039ff7c0c65e7df96b2b48e5c99a2dc47"}
}
