TN:
SF:app.module.js
FN:3,escapeHtml
FN:12,getWeatherSymbol
FN:27,getValuePath
FN:29,(anonymous_3)
FN:34,stripHtml
FN:40,parseConfig
FN:43,(anonymous_6)
FN:44,(anonymous_7)
FN:47,(anonymous_8)
FN:48,(anonymous_9)
FN:54,buildRssHtml
FN:62,(anonymous_11)
FNF:12
FNH:12
FNDA:20,escapeHtml
FNDA:12,getWeatherSymbol
FNDA:5,getValuePath
FNDA:8,(anonymous_3)
FNDA:9,stripHtml
FNDA:5,parseConfig
FNDA:8,(anonymous_6)
FNDA:8,(anonymous_7)
FNDA:6,(anonymous_8)
FNDA:6,(anonymous_9)
FNDA:5,buildRssHtml
FNDA:5,(anonymous_11)
DA:4,20
DA:13,12
DA:14,11
DA:15,10
DA:16,9
DA:17,8
DA:18,7
DA:19,6
DA:20,5
DA:21,4
DA:22,3
DA:23,2
DA:24,1
DA:28,5
DA:29,8
DA:35,9
DA:36,9
DA:37,9
DA:41,5
DA:42,5
DA:43,8
DA:44,8
DA:46,5
DA:47,6
DA:48,6
DA:49,5
DA:51,5
DA:55,5
DA:56,2
DA:59,3
DA:60,3
DA:62,3
DA:63,5
DA:67,5
DA:70,5
DA:74,5
DA:85,3
DA:86,3
DA:89,1
LF:39
LH:39
BRDA:13,0,0,1
BRDA:13,0,1,11
BRDA:14,1,0,1
BRDA:14,1,1,10
BRDA:15,2,0,1
BRDA:15,2,1,9
BRDA:16,3,0,1
BRDA:16,3,1,8
BRDA:17,4,0,1
BRDA:17,4,1,7
BRDA:17,5,0,8
BRDA:17,5,1,8
BRDA:18,6,0,1
BRDA:18,6,1,6
BRDA:18,7,0,7
BRDA:18,7,1,7
BRDA:19,8,0,1
BRDA:19,8,1,5
BRDA:19,9,0,6
BRDA:19,9,1,6
BRDA:20,10,0,1
BRDA:20,10,1,4
BRDA:20,11,0,5
BRDA:20,11,1,5
BRDA:21,12,0,1
BRDA:21,12,1,3
BRDA:21,13,0,4
BRDA:21,13,1,4
BRDA:22,14,0,1
BRDA:22,14,1,2
BRDA:22,15,0,3
BRDA:22,15,1,3
BRDA:23,16,0,1
BRDA:23,16,1,1
BRDA:23,17,0,2
BRDA:23,17,1,2
BRDA:29,18,0,7
BRDA:29,18,1,1
BRDA:29,19,0,8
BRDA:29,19,1,7
BRDA:37,20,0,9
BRDA:37,20,1,1
BRDA:37,20,2,1
BRDA:48,21,0,6
BRDA:48,21,1,2
BRDA:49,22,0,1
BRDA:49,22,1,4
BRDA:55,23,0,2
BRDA:55,23,1,3
BRDA:55,24,0,5
BRDA:55,24,1,4
BRDA:56,25,0,2
BRDA:56,25,1,1
BRDA:67,26,0,4
BRDA:67,26,1,1
BRDA:70,27,0,2
BRDA:70,27,1,3
BRDA:75,28,0,3
BRDA:75,28,1,2
BRF:59
BRH:59
end_of_record
